
Started Import Process
# System Details: 
Debug Mode 		: Desactivado
Operating System 	: WINNT
Software 		: nginx/1.26.1
MySQL version 		: 8.0.35
XML Reader 		: Sí
PHP Version 		: 8.2.27
PHP Max Input Vars 	: 4000
PHP Max Post Size 	: 1000M
PHP Extension GD 	: Sí
PHP Max Execution Time 	: 1200
Max Upload Size 	: 300 MB
Memory Limit 		: El límite de memoria actual es 40M. Recomendamos ajustar la memoria a por lo menos 64M.
Timezone 		: Europe/Madrid

-----

Importing Started! - 22:06:46 UTC
---

WHY IMPORT PROCESS CAN FAIL? READ THIS - 
https://wpastra.com/docs/?p=1314&utm_source=demo-import-panel&utm_campaign=import-error&utm_medium=wp-dashboard

---

Inserted WP Form 14
Batch Process Started..
Starter Templates - Importing Images for Blog name 'dscodigo' (1)